This file contains any messages produced by compilers while
running configure, to aid debugging if configure makes a mistake.

It was created by cctools configure 973.0.1, which was
generated by GNU Autoconf 2.71.  Invocation command line was

  $ ./configure --with-libtapi=/root/tmp

## --------- ##
## Platform. ##
## --------- ##

hostname = cs-302575335568-default
uname -m = x86_64
uname -r = 5.10.109+
uname -s = Linux
uname -v = #1 SMP Sat Jun 18 09:25:23 UTC 2022

/usr/bin/uname -p = unknown
/bin/uname -X     = unknown

/bin/arch              = x86_64
/usr/bin/arch -k       = unknown
/usr/convex/getsysinfo = unknown
/usr/bin/hostinfo      = unknown
/bin/machine           = unknown
/usr/bin/oslevel       = unknown
/bin/universe          = unknown

PATH: /home/growtopiajaw/.local/bin/
PATH: /home/growtopiajaw/.cargo/bin/
PATH: /opt/gradle/bin/
PATH: /opt/maven/bin/
PATH: /usr/local/sbin/
PATH: /usr/local/bin/
PATH: /usr/sbin/
PATH: /usr/bin/
PATH: /sbin/
PATH: /bin/
PATH: /usr/local/go/bin/
PATH: /usr/local/nvm/versions/node/v16.1.0/bin/
PATH: /usr/local/rvm/bin/
PATH: /google/go_appengine/
PATH: /google/google_appengine/
PATH: /google/migrate/anthos/
PATH: /home/growtopiajaw/.gems/bin/
PATH: /usr/local/rvm/bin/
PATH: /home/growtopiajaw/gopath/bin/
PATH: /google/gopath/bin/
PATH: /google/flutter/bin/


## ----------- ##
## Core tests. ##
## ----------- ##

configure:2837: looking for aux files: compile ltmain.sh missing install-sh config.guess config.sub
configure:2850:  trying ./
configure:2879:   ./compile found
configure:2879:   ./ltmain.sh found
configure:2879:   ./missing found
configure:2861:   ./install-sh found
configure:2879:   ./config.guess found
configure:2879:   ./config.sub found
configure:2998: checking build system type
configure:3013: result: x86_64-pc-linux-gnu
configure:3033: checking host system type
configure:3047: result: x86_64-pc-linux-gnu
configure:3067: checking target system type
configure:3081: result: x86_64-pc-linux-gnu
configure:3265: checking for a BSD-compatible install
configure:3338: result: /usr/bin/install -c
configure:3349: checking whether build environment is sane
configure:3404: result: yes
configure:3553: checking for a race-free mkdir -p
configure:3597: result: /usr/bin/mkdir -p
configure:3604: checking for gawk
configure:3639: result: no
configure:3604: checking for mawk
configure:3625: found /usr/bin/mawk
configure:3636: result: mawk
configure:3647: checking whether make sets $(MAKE)
configure:3670: result: yes
configure:3700: checking whether make supports nested variables
configure:3718: result: yes
configure:3798: checking whether UID '1000' is supported by ustar format
configure:3801: result: yes
configure:3808: checking whether GID '1000' is supported by ustar format
configure:3811: result: yes
configure:3819: checking how to create a ustar tar archive
configure:3830: tar --version
tar (GNU tar) 1.34
Copyright (C) 2021 Free Software Foundation, Inc.
License GPLv3+: GNU GPL version 3 or later <https://gnu.org/licenses/gpl.html>.
This is free software: you are free to change and redistribute it.
There is NO WARRANTY, to the extent permitted by law.

Written by John Gilmore and Jay Fenlason.
configure:3833: $? = 0
configure:3873: tardir=conftest.dir && eval tar --format=ustar -chf - "$tardir" >conftest.tar
configure:3876: $? = 0
configure:3880: tar -xf - <conftest.tar
configure:3883: $? = 0
configure:3885: cat conftest.dir/file
GrepMe
configure:3888: $? = 0
configure:3902: result: gnutar
configure:3955: checking whether to enable maintainer-specific portions of Makefiles
configure:3965: result: no
configure:4031: checking how to print strings
configure:4058: result: printf
configure:4141: checking for gcc
configure:4173: result: clang
configure:4526: checking for C compiler version
configure:4535: clang --version >&5
Debian clang version 11.0.1-2
Target: x86_64-pc-linux-gnu
Thread model: posix
InstalledDir: /usr/bin
configure:4546: $? = 0
configure:4535: clang -v >&5
Debian clang version 11.0.1-2
Target: x86_64-pc-linux-gnu
Thread model: posix
InstalledDir: /usr/bin
Found candidate GCC installation: /usr/bin/../lib/gcc/x86_64-linux-gnu/10
Found candidate GCC installation: /usr/lib/gcc/x86_64-linux-gnu/10
Selected GCC installation: /usr/bin/../lib/gcc/x86_64-linux-gnu/10
Candidate multilib: .;@m64
Selected multilib: .;@m64
configure:4546: $? = 0
configure:4535: clang -V >&5
clang: error: argument to '-V' is missing (expected 1 value)
clang: error: no input files
configure:4546: $? = 1
configure:4535: clang -qversion >&5
clang: error: unknown argument '-qversion'; did you mean '--version'?
clang: error: no input files
configure:4546: $? = 1
configure:4535: clang -version >&5
clang: error: unknown argument '-version'; did you mean '--version'?
clang: error: no input files
configure:4546: $? = 1
configure:4566: checking whether the C compiler works
configure:4588: clang -O3 -isystem /usr/local/include -isystem /usr/pkg/include  -DLD64_VERSION_NUM=609 -fblocks   -L/usr/local/lib -L/usr/pkg/lib conftest.c  >&5
configure:4592: $? = 0
configure:4642: result: yes
configure:4645: checking for C compiler default output file name
configure:4647: result: a.out
configure:4653: checking for suffix of executables
configure:4660: clang -o conftest -O3 -isystem /usr/local/include -isystem /usr/pkg/include  -DLD64_VERSION_NUM=609 -fblocks   -L/usr/local/lib -L/usr/pkg/lib conftest.c  >&5
configure:4664: $? = 0
configure:4687: result: 
configure:4709: checking whether we are cross compiling
configure:4717: clang -o conftest -O3 -isystem /usr/local/include -isystem /usr/pkg/include  -DLD64_VERSION_NUM=609 -fblocks   -L/usr/local/lib -L/usr/pkg/lib conftest.c  >&5
configure:4721: $? = 0
configure:4728: ./conftest
configure:4732: $? = 0
configure:4747: result: no
configure:4752: checking for suffix of object files
configure:4775: clang -c -O3 -isystem /usr/local/include -isystem /usr/pkg/include  -DLD64_VERSION_NUM=609 -fblocks  conftest.c >&5
configure:4779: $? = 0
configure:4801: result: o
configure:4805: checking whether the compiler supports GNU C
configure:4825: clang -c -O3 -isystem /usr/local/include -isystem /usr/pkg/include  -DLD64_VERSION_NUM=609 -fblocks  conftest.c >&5
configure:4825: $? = 0
configure:4835: result: yes
configure:4846: checking whether clang accepts -g
configure:4867: clang -c -g  conftest.c >&5
configure:4867: $? = 0
configure:4911: result: yes
configure:4931: checking for clang option to enable C11 features
configure:4946: clang  -c -O3 -isystem /usr/local/include -isystem /usr/pkg/include  -DLD64_VERSION_NUM=609 -fblocks  conftest.c >&5
configure:4946: $? = 0
configure:4964: result: none needed
configure:5080: checking whether clang understands -c and -o together
configure:5103: clang -c conftest.c -o conftest2.o
configure:5106: $? = 0
configure:5103: clang -c conftest.c -o conftest2.o
configure:5106: $? = 0
configure:5118: result: yes
configure:5135: checking for a sed that does not truncate output
configure:5205: result: /usr/bin/sed
configure:5223: checking for grep that handles long lines and -e
configure:5287: result: /usr/bin/grep
configure:5292: checking for egrep
configure:5360: result: /usr/bin/grep -E
configure:5365: checking for fgrep
configure:5433: result: /usr/bin/grep -F
configure:5469: checking for ld used by clang
configure:5537: result: /usr/bin/ld
configure:5544: checking if the linker (/usr/bin/ld) is GNU ld
configure:5560: result: yes
configure:5572: checking for BSD- or MS-compatible name lister (nm)
configure:5627: result: /usr/bin/nm -B
configure:5767: checking the name lister (/usr/bin/nm -B) interface
configure:5775: clang -c -O3 -isystem /usr/local/include -isystem /usr/pkg/include  -DLD64_VERSION_NUM=609 -fblocks  conftest.c >&5
configure:5778: /usr/bin/nm -B "conftest.o"
configure:5781: output
0000000000000000 B some_variable
configure:5788: result: BSD nm
configure:5791: checking whether ln -s works
configure:5795: result: yes
configure:5803: checking the maximum length of command line arguments
configure:5935: result: 1572864
configure:5983: checking how to convert x86_64-pc-linux-gnu file names to x86_64-pc-linux-gnu format
configure:6024: result: func_convert_file_noop
configure:6031: checking how to convert x86_64-pc-linux-gnu file names to toolchain format
configure:6052: result: func_convert_file_noop
configure:6059: checking for /usr/bin/ld option to reload object files
configure:6067: result: -r
configure:6146: checking for objdump
configure:6167: found /usr/bin/objdump
configure:6178: result: objdump
configure:6210: checking how to recognize dependent libraries
configure:6411: result: pass_all
configure:6501: checking for dlltool
configure:6536: result: no
configure:6566: checking how to associate runtime and link libraries
configure:6594: result: printf %s\n
configure:6660: checking for ar
configure:6681: found /usr/bin/ar
configure:6692: result: ar
configure:6745: checking for archiver @FILE support
configure:6763: clang -c -O3 -isystem /usr/local/include -isystem /usr/pkg/include  -DLD64_VERSION_NUM=609 -fblocks  conftest.c >&5
configure:6763: $? = 0
configure:6767: ar cr libconftest.a @conftest.lst >&5
configure:6770: $? = 0
configure:6775: ar cr libconftest.a @conftest.lst >&5
ar: conftest.o: No such file or directory
configure:6778: $? = 1
configure:6790: result: @
configure:6853: checking for strip
configure:6874: found /usr/bin/strip
configure:6885: result: strip
configure:6962: checking for ranlib
configure:6983: found /usr/bin/ranlib
configure:6994: result: ranlib
configure:7096: checking command to parse /usr/bin/nm -B output from clang object
configure:7250: clang -c -O3 -isystem /usr/local/include -isystem /usr/pkg/include  -DLD64_VERSION_NUM=609 -fblocks  conftest.c >&5
configure:7253: $? = 0
configure:7257: /usr/bin/nm -B conftest.o \| sed -n -e 's/^.*[ ]\([ABCDGIRSTW][ABCDGIRSTW]*\)[ ][ ]*\([_A-Za-z][_A-Za-z0-9]*\)$/\1 \2 \2/p' | sed '/ __gnu_lto/d' \> conftest.nm
configure:7260: $? = 0
configure:7326: clang -o conftest -O3 -isystem /usr/local/include -isystem /usr/pkg/include  -DLD64_VERSION_NUM=609 -fblocks   -L/usr/local/lib -L/usr/pkg/lib conftest.c conftstm.o >&5
configure:7329: $? = 0
configure:7367: result: ok
configure:7414: checking for sysroot
configure:7445: result: no
configure:7452: checking for a working dd
configure:7496: result: /usr/bin/dd
configure:7500: checking how to truncate binary pipes
configure:7516: result: /usr/bin/dd bs=4096 count=1
configure:7653: clang -c -O3 -isystem /usr/local/include -isystem /usr/pkg/include  -DLD64_VERSION_NUM=609 -fblocks  conftest.c >&5
configure:7656: $? = 0
configure:7853: checking for mt
configure:7874: found /usr/bin/mt
configure:7885: result: mt
configure:7908: checking if mt is a manifest tool
configure:7915: mt '-?'
configure:7923: result: no
configure:8653: checking for stdio.h
configure:8653: clang -c -O3 -isystem /usr/local/include -isystem /usr/pkg/include  -DLD64_VERSION_NUM=609 -fblocks  conftest.c >&5
configure:8653: $? = 0
configure:8653: result: yes
configure:8653: checking for stdlib.h
configure:8653: clang -c -O3 -isystem /usr/local/include -isystem /usr/pkg/include  -DLD64_VERSION_NUM=609 -fblocks  conftest.c >&5
configure:8653: $? = 0
configure:8653: result: yes
configure:8653: checking for string.h
configure:8653: clang -c -O3 -isystem /usr/local/include -isystem /usr/pkg/include  -DLD64_VERSION_NUM=609 -fblocks  conftest.c >&5
configure:8653: $? = 0
configure:8653: result: yes
configure:8653: checking for inttypes.h
configure:8653: clang -c -O3 -isystem /usr/local/include -isystem /usr/pkg/include  -DLD64_VERSION_NUM=609 -fblocks  conftest.c >&5
configure:8653: $? = 0
configure:8653: result: yes
configure:8653: checking for stdint.h
configure:8653: clang -c -O3 -isystem /usr/local/include -isystem /usr/pkg/include  -DLD64_VERSION_NUM=609 -fblocks  conftest.c >&5
configure:8653: $? = 0
configure:8653: result: yes
configure:8653: checking for strings.h
configure:8653: clang -c -O3 -isystem /usr/local/include -isystem /usr/pkg/include  -DLD64_VERSION_NUM=609 -fblocks  conftest.c >&5
configure:8653: $? = 0
configure:8653: result: yes
configure:8653: checking for sys/stat.h
configure:8653: clang -c -O3 -isystem /usr/local/include -isystem /usr/pkg/include  -DLD64_VERSION_NUM=609 -fblocks  conftest.c >&5
configure:8653: $? = 0
configure:8653: result: yes
configure:8653: checking for sys/types.h
configure:8653: clang -c -O3 -isystem /usr/local/include -isystem /usr/pkg/include  -DLD64_VERSION_NUM=609 -fblocks  conftest.c >&5
configure:8653: $? = 0
configure:8653: result: yes
configure:8653: checking for unistd.h
configure:8653: clang -c -O3 -isystem /usr/local/include -isystem /usr/pkg/include  -DLD64_VERSION_NUM=609 -fblocks  conftest.c >&5
configure:8653: $? = 0
configure:8653: result: yes
configure:8678: checking for dlfcn.h
configure:8678: clang -c -O3 -isystem /usr/local/include -isystem /usr/pkg/include  -DLD64_VERSION_NUM=609 -fblocks  conftest.c >&5
configure:8678: $? = 0
configure:8678: result: yes
configure:8936: checking for objdir
configure:8952: result: .libs
configure:9216: checking if clang supports -fno-rtti -fno-exceptions
configure:9235: clang -c -O3 -isystem /usr/local/include -isystem /usr/pkg/include  -DLD64_VERSION_NUM=609 -fblocks  -fno-rtti -fno-exceptions conftest.c >&5
configure:9239: $? = 0
configure:9252: result: yes
configure:9610: checking for clang option to produce PIC
configure:9618: result: -fPIC -DPIC
configure:9626: checking if clang PIC flag -fPIC -DPIC works
configure:9645: clang -c -O3 -isystem /usr/local/include -isystem /usr/pkg/include  -DLD64_VERSION_NUM=609 -fblocks  -fPIC -DPIC -DPIC conftest.c >&5
configure:9649: $? = 0
configure:9662: result: yes
configure:9691: checking if clang static flag -static works
configure:9720: result: yes
configure:9735: checking if clang supports -c -o file.o
configure:9757: clang -c -O3 -isystem /usr/local/include -isystem /usr/pkg/include  -DLD64_VERSION_NUM=609 -fblocks  -o out/conftest2.o conftest.c >&5
configure:9761: $? = 0
configure:9783: result: yes
configure:9791: checking if clang supports -c -o file.o
configure:9839: result: yes
configure:9872: checking whether the clang linker (/usr/bin/ld -m elf_x86_64) supports shared libraries
configure:11140: result: yes
configure:11177: checking whether -lc should be explicitly linked in
configure:11186: clang -c -O3 -isystem /usr/local/include -isystem /usr/pkg/include  -DLD64_VERSION_NUM=609 -fblocks  conftest.c >&5
configure:11189: $? = 0
configure:11204: clang -shared  -fPIC -DPIC conftest.o  -v -Wl,-soname -Wl,conftest -o conftest 2\>\&1 \| /usr/bin/grep  -lc  \>/dev/null 2\>\&1
configure:11207: $? = 0
configure:11221: result: no
configure:11381: checking dynamic linker characteristics
configure:11963: clang -o conftest -O3 -isystem /usr/local/include -isystem /usr/pkg/include  -DLD64_VERSION_NUM=609 -fblocks   -L/usr/local/lib -L/usr/pkg/lib -Wl,-rpath -Wl,/foo conftest.c  >&5
configure:11963: $? = 0
configure:12202: result: GNU/Linux ld.so
configure:12324: checking how to hardcode library paths into programs
configure:12349: result: immediate
configure:12901: checking whether stripping libraries is possible
configure:12910: result: yes
configure:12952: checking if libtool supports shared libraries
configure:12954: result: yes
configure:12957: checking whether to build shared libraries
configure:12982: result: yes
configure:12985: checking whether to build static libraries
configure:12989: result: no
configure:13151: checking for C compiler version
configure:13160: clang --version >&5
Debian clang version 11.0.1-2
Target: x86_64-pc-linux-gnu
Thread model: posix
InstalledDir: /usr/bin
configure:13171: $? = 0
configure:13160: clang -v >&5
Debian clang version 11.0.1-2
Target: x86_64-pc-linux-gnu
Thread model: posix
InstalledDir: /usr/bin
Found candidate GCC installation: /usr/bin/../lib/gcc/x86_64-linux-gnu/10
Found candidate GCC installation: /usr/lib/gcc/x86_64-linux-gnu/10
Selected GCC installation: /usr/bin/../lib/gcc/x86_64-linux-gnu/10
Candidate multilib: .;@m64
Selected multilib: .;@m64
configure:13171: $? = 0
configure:13160: clang -V >&5
clang: error: argument to '-V' is missing (expected 1 value)
clang: error: no input files
configure:13171: $? = 1
configure:13160: clang -qversion >&5
clang: error: unknown argument '-qversion'; did you mean '--version'?
clang: error: no input files
configure:13171: $? = 1
configure:13160: clang -version >&5
clang: error: unknown argument '-version'; did you mean '--version'?
clang: error: no input files
configure:13171: $? = 1
configure:13175: checking whether the compiler supports GNU C
configure:13205: result: yes
configure:13216: checking whether clang accepts -g
configure:13281: result: yes
configure:13301: checking for clang option to enable C11 features
configure:13334: result: none needed
configure:13450: checking whether clang understands -c and -o together
configure:13488: result: yes
configure:13633: checking for C++ compiler version
configure:13642: clang++ --version >&5
Debian clang version 11.0.1-2
Target: x86_64-pc-linux-gnu
Thread model: posix
InstalledDir: /usr/bin
configure:13653: $? = 0
configure:13642: clang++ -v >&5
Debian clang version 11.0.1-2
Target: x86_64-pc-linux-gnu
Thread model: posix
InstalledDir: /usr/bin
Found candidate GCC installation: /usr/bin/../lib/gcc/x86_64-linux-gnu/10
Found candidate GCC installation: /usr/lib/gcc/x86_64-linux-gnu/10
Selected GCC installation: /usr/bin/../lib/gcc/x86_64-linux-gnu/10
Candidate multilib: .;@m64
Selected multilib: .;@m64
configure:13653: $? = 0
configure:13642: clang++ -V >&5
clang: error: argument to '-V' is missing (expected 1 value)
clang: error: no input files
configure:13653: $? = 1
configure:13642: clang++ -qversion >&5
clang: error: unknown argument '-qversion'; did you mean '--version'?
clang: error: no input files
configure:13653: $? = 1
configure:13657: checking whether the compiler supports GNU C++
configure:13677: clang++ -c -O3 -std=c++1z -isystem /usr/local/include -isystem /usr/pkg/include  -DLD64_VERSION_NUM=609 -fblocks   conftest.cpp >&5
configure:13677: $? = 0
configure:13687: result: yes
configure:13698: checking whether clang++ accepts -g
configure:13719: clang++ -c -g  conftest.cpp >&5
configure:13719: $? = 0
configure:13763: result: yes
configure:13783: checking for clang++ option to enable C++11 features
configure:13798: clang++  -c -O3 -std=c++1z -isystem /usr/local/include -isystem /usr/pkg/include  -DLD64_VERSION_NUM=609 -fblocks   conftest.cpp >&5
conftest.cpp:187:25: warning: empty parentheses interpreted as a function declaration [-Wvexing-parse]
  cxx11test::delegate d2();
                        ^~
conftest.cpp:187:25: note: remove parentheses to declare a variable
  cxx11test::delegate d2();
                        ^~
1 warning generated.
configure:13798: $? = 0
configure:13816: result: none needed
configure:13898: checking how to run the C++ preprocessor
configure:13920: clang++ -E  conftest.cpp
configure:13920: $? = 0
configure:13935: clang++ -E  conftest.cpp
conftest.cpp:21:10: fatal error: 'ac_nonexistent.h' file not found
#include <ac_nonexistent.h>
         ^~~~~~~~~~~~~~~~~~
1 error generated.
configure:13935: $? = 1
configure: failed program was:
| /* confdefs.h */
| #define PACKAGE_NAME "cctools"
| #define PACKAGE_TARNAME "cctools"
| #define PACKAGE_VERSION "973.0.1"
| #define PACKAGE_STRING "cctools 973.0.1"
| #define PACKAGE_BUGREPORT "t.poechtrager@gmail.com"
| #define PACKAGE_URL ""
| #define HAVE_STDIO_H 1
| #define HAVE_STDLIB_H 1
| #define HAVE_STRING_H 1
| #define HAVE_INTTYPES_H 1
| #define HAVE_STDINT_H 1
| #define HAVE_STRINGS_H 1
| #define HAVE_SYS_STAT_H 1
| #define HAVE_SYS_TYPES_H 1
| #define HAVE_UNISTD_H 1
| #define STDC_HEADERS 1
| #define HAVE_DLFCN_H 1
| #define LT_OBJDIR ".libs/"
| /* end confdefs.h.  */
| #include <ac_nonexistent.h>
configure:13962: result: clang++ -E
configure:13976: clang++ -E  conftest.cpp
configure:13976: $? = 0
configure:13991: clang++ -E  conftest.cpp
conftest.cpp:21:10: fatal error: 'ac_nonexistent.h' file not found
#include <ac_nonexistent.h>
         ^~~~~~~~~~~~~~~~~~
1 error generated.
configure:13991: $? = 1
configure: failed program was:
| /* confdefs.h */
| #define PACKAGE_NAME "cctools"
| #define PACKAGE_TARNAME "cctools"
| #define PACKAGE_VERSION "973.0.1"
| #define PACKAGE_STRING "cctools 973.0.1"
| #define PACKAGE_BUGREPORT "t.poechtrager@gmail.com"
| #define PACKAGE_URL ""
| #define HAVE_STDIO_H 1
| #define HAVE_STDLIB_H 1
| #define HAVE_STRING_H 1
| #define HAVE_INTTYPES_H 1
| #define HAVE_STDINT_H 1
| #define HAVE_STRINGS_H 1
| #define HAVE_SYS_STAT_H 1
| #define HAVE_SYS_TYPES_H 1
| #define HAVE_UNISTD_H 1
| #define STDC_HEADERS 1
| #define HAVE_DLFCN_H 1
| #define LT_OBJDIR ".libs/"
| /* end confdefs.h.  */
| #include <ac_nonexistent.h>
configure:14156: checking for ld used by clang++
configure:14224: result: /usr/bin/ld -m elf_x86_64
configure:14231: checking if the linker (/usr/bin/ld -m elf_x86_64) is GNU ld
configure:14247: result: yes
configure:14302: checking whether the clang++ linker (/usr/bin/ld -m elf_x86_64) supports shared libraries
configure:15380: result: yes
configure:15416: clang++ -c -O3 -std=c++1z -isystem /usr/local/include -isystem /usr/pkg/include  -DLD64_VERSION_NUM=609 -fblocks   conftest.cpp >&5
configure:15419: $? = 0
configure:15900: checking for clang++ option to produce PIC
configure:15908: result: -fPIC -DPIC
configure:15916: checking if clang++ PIC flag -fPIC -DPIC works
configure:15935: clang++ -c -O3 -std=c++1z -isystem /usr/local/include -isystem /usr/pkg/include  -DLD64_VERSION_NUM=609 -fblocks   -fPIC -DPIC -DPIC conftest.cpp >&5
configure:15939: $? = 0
configure:15952: result: yes
configure:15975: checking if clang++ static flag -static works
configure:16004: result: yes
configure:16016: checking if clang++ supports -c -o file.o
configure:16038: clang++ -c -O3 -std=c++1z -isystem /usr/local/include -isystem /usr/pkg/include  -DLD64_VERSION_NUM=609 -fblocks   -o out/conftest2.o conftest.cpp >&5
configure:16042: $? = 0
configure:16064: result: yes
configure:16069: checking if clang++ supports -c -o file.o
configure:16117: result: yes
configure:16147: checking whether the clang++ linker (/usr/bin/ld -m elf_x86_64) supports shared libraries
configure:16187: result: yes
configure:16329: checking dynamic linker characteristics
configure:17077: result: GNU/Linux ld.so
configure:17142: checking how to hardcode library paths into programs
configure:17167: result: immediate
configure:17324: checking for Objective C compiler version
configure:17333: clang --version >&5
Debian clang version 11.0.1-2
Target: x86_64-pc-linux-gnu
Thread model: posix
InstalledDir: /usr/bin
configure:17344: $? = 0
configure:17333: clang -v >&5
Debian clang version 11.0.1-2
Target: x86_64-pc-linux-gnu
Thread model: posix
InstalledDir: /usr/bin
Found candidate GCC installation: /usr/bin/../lib/gcc/x86_64-linux-gnu/10
Found candidate GCC installation: /usr/lib/gcc/x86_64-linux-gnu/10
Selected GCC installation: /usr/bin/../lib/gcc/x86_64-linux-gnu/10
Candidate multilib: .;@m64
Selected multilib: .;@m64
configure:17344: $? = 0
configure:17333: clang -V >&5
clang: error: argument to '-V' is missing (expected 1 value)
clang: error: no input files
configure:17344: $? = 1
configure:17333: clang -qversion >&5
clang: error: unknown argument '-qversion'; did you mean '--version'?
clang: error: no input files
configure:17344: $? = 1
configure:17348: checking whether the compiler supports GNU Objective C
configure:17368: clang -c -O3  -DLD64_VERSION_NUM=609 -fblocks  conftest.m >&5
configure:17368: $? = 0
configure:17378: result: yes
configure:17389: checking whether clang accepts -g
configure:17410: clang -c -g  conftest.m >&5
configure:17410: $? = 0
configure:17454: result: yes
configure:17533: checking for ranlib
configure:17554: found /usr/bin/ranlib
configure:17565: result: ranlib
configure:17635: checking for ar
configure:17656: found /usr/bin/ar
configure:17667: result: ar
configure:17762: checking for dlopen in -ldl
configure:17785: clang -o conftest -O3 -isystem /usr/local/include -isystem /usr/pkg/include  -DLD64_VERSION_NUM=609 -fblocks   -L/usr/local/lib -L/usr/pkg/lib conftest.c -ldl   >&5
configure:17785: $? = 0
configure:17795: result: yes
configure:17804: checking for pthread_create in -lpthread
configure:17827: clang -o conftest -O3 -isystem /usr/local/include -isystem /usr/pkg/include  -DLD64_VERSION_NUM=609 -fblocks   -L/usr/local/lib -L/usr/pkg/lib conftest.c -lpthread   >&5
configure:17827: $? = 0
configure:17837: result: yes
configure:17848: checking for execinfo.h
configure:17848: clang -c -O3 -isystem /usr/local/include -isystem /usr/pkg/include  -DLD64_VERSION_NUM=609 -fblocks  conftest.c >&5
configure:17848: $? = 0
configure:17848: result: yes
configure:17853: checking for backtrace in -lexecinfo
configure:17876: clang -o conftest -O3 -isystem /usr/local/include -isystem /usr/pkg/include  -DLD64_VERSION_NUM=609 -fblocks   -L/usr/local/lib -L/usr/pkg/lib conftest.c -lexecinfo   >&5
/usr/bin/ld: cannot find -lexecinfo
clang: error: linker command failed with exit code 1 (use -v to see invocation)
configure:17876: $? = 1
configure: failed program was:
| /* confdefs.h */
| #define PACKAGE_NAME "cctools"
| #define PACKAGE_TARNAME "cctools"
| #define PACKAGE_VERSION "973.0.1"
| #define PACKAGE_STRING "cctools 973.0.1"
| #define PACKAGE_BUGREPORT "t.poechtrager@gmail.com"
| #define PACKAGE_URL ""
| #define HAVE_STDIO_H 1
| #define HAVE_STDLIB_H 1
| #define HAVE_STRING_H 1
| #define HAVE_INTTYPES_H 1
| #define HAVE_STDINT_H 1
| #define HAVE_STRINGS_H 1
| #define HAVE_SYS_STAT_H 1
| #define HAVE_SYS_TYPES_H 1
| #define HAVE_UNISTD_H 1
| #define STDC_HEADERS 1
| #define HAVE_DLFCN_H 1
| #define LT_OBJDIR ".libs/"
| #define EMULATED_HOST_CPU_TYPE 16777223
| #define EMULATED_HOST_CPU_SUBTYPE 3
| #define __STDC_LIMIT_MACROS 1
| #define __STDC_CONSTANT_MACROS 1
| #define HAVE_EXECINFO_H 1
| /* end confdefs.h.  */
| 
| /* Override any GCC internal prototype to avoid an error.
|    Use char because int might match the return type of a GCC
|    builtin and then its argument prototype would still apply.  */
| char backtrace ();
| int
| main (void)
| {
| return backtrace ();
|   ;
|   return 0;
| }
configure:17886: result: no
configure:17898: checking for uuid_generate_random in -luuid
configure:17921: clang -o conftest -O3 -isystem /usr/local/include -isystem /usr/pkg/include  -DLD64_VERSION_NUM=609 -fblocks   -L/usr/local/lib -L/usr/pkg/lib conftest.c -luuid   >&5
configure:17921: $? = 0
configure:17931: result: yes
configure:17938: checking for uuid/uuid.h
configure:17938: clang -c -O3 -isystem /usr/local/include -isystem /usr/pkg/include  -DLD64_VERSION_NUM=609 -fblocks  conftest.c >&5
configure:17938: $? = 0
configure:17938: result: yes
configure:17950: checking for strmode
configure:17950: clang -o conftest -O3 -isystem /usr/local/include -isystem /usr/pkg/include  -DLD64_VERSION_NUM=609 -fblocks   -L/usr/local/lib -L/usr/pkg/lib conftest.c  >&5
/usr/bin/ld: /tmp/conftest-307de1.o: in function `main':
conftest.c:(.text+0x4): undefined reference to `strmode'
clang: error: linker command failed with exit code 1 (use -v to see invocation)
configure:17950: $? = 1
configure: failed program was:
| /* confdefs.h */
| #define PACKAGE_NAME "cctools"
| #define PACKAGE_TARNAME "cctools"
| #define PACKAGE_VERSION "973.0.1"
| #define PACKAGE_STRING "cctools 973.0.1"
| #define PACKAGE_BUGREPORT "t.poechtrager@gmail.com"
| #define PACKAGE_URL ""
| #define HAVE_STDIO_H 1
| #define HAVE_STDLIB_H 1
| #define HAVE_STRING_H 1
| #define HAVE_INTTYPES_H 1
| #define HAVE_STDINT_H 1
| #define HAVE_STRINGS_H 1
| #define HAVE_SYS_STAT_H 1
| #define HAVE_SYS_TYPES_H 1
| #define HAVE_UNISTD_H 1
| #define STDC_HEADERS 1
| #define HAVE_DLFCN_H 1
| #define LT_OBJDIR ".libs/"
| #define EMULATED_HOST_CPU_TYPE 16777223
| #define EMULATED_HOST_CPU_SUBTYPE 3
| #define __STDC_LIMIT_MACROS 1
| #define __STDC_CONSTANT_MACROS 1
| #define HAVE_EXECINFO_H 1
| #define HAVE_UUID_UUID_H 1
| /* end confdefs.h.  */
| /* Define strmode to an innocuous variant, in case <limits.h> declares strmode.
|    For example, HP-UX 11i <limits.h> declares gettimeofday.  */
| #define strmode innocuous_strmode
| 
| /* System header to define __stub macros and hopefully few prototypes,
|    which can conflict with char strmode (); below.  */
| 
| #include <limits.h>
| #undef strmode
| 
| /* Override any GCC internal prototype to avoid an error.
|    Use char because int might match the return type of a GCC
|    builtin and then its argument prototype would still apply.  */
| #ifdef __cplusplus
| extern "C"
| #endif
| char strmode ();
| /* The GNU C library defines this for functions which it implements
|     to always fail with ENOSYS.  Some functions are actually named
|     something starting with __ and the normal name is an alias.  */
| #if defined __stub_strmode || defined __stub___strmode
| choke me
| #endif
| 
| int
| main (void)
| {
| return strmode ();
|   ;
|   return 0;
| }
configure:17950: result: no
configure:17956: checking for utimens
configure:17956: clang -o conftest -O3 -isystem /usr/local/include -isystem /usr/pkg/include  -DLD64_VERSION_NUM=609 -fblocks   -L/usr/local/lib -L/usr/pkg/lib conftest.c  >&5
/usr/bin/ld: /tmp/conftest-0b0a12.o: in function `main':
conftest.c:(.text+0x4): undefined reference to `utimens'
clang: error: linker command failed with exit code 1 (use -v to see invocation)
configure:17956: $? = 1
configure: failed program was:
| /* confdefs.h */
| #define PACKAGE_NAME "cctools"
| #define PACKAGE_TARNAME "cctools"
| #define PACKAGE_VERSION "973.0.1"
| #define PACKAGE_STRING "cctools 973.0.1"
| #define PACKAGE_BUGREPORT "t.poechtrager@gmail.com"
| #define PACKAGE_URL ""
| #define HAVE_STDIO_H 1
| #define HAVE_STDLIB_H 1
| #define HAVE_STRING_H 1
| #define HAVE_INTTYPES_H 1
| #define HAVE_STDINT_H 1
| #define HAVE_STRINGS_H 1
| #define HAVE_SYS_STAT_H 1
| #define HAVE_SYS_TYPES_H 1
| #define HAVE_UNISTD_H 1
| #define STDC_HEADERS 1
| #define HAVE_DLFCN_H 1
| #define LT_OBJDIR ".libs/"
| #define EMULATED_HOST_CPU_TYPE 16777223
| #define EMULATED_HOST_CPU_SUBTYPE 3
| #define __STDC_LIMIT_MACROS 1
| #define __STDC_CONSTANT_MACROS 1
| #define HAVE_EXECINFO_H 1
| #define HAVE_UUID_UUID_H 1
| /* end confdefs.h.  */
| /* Define utimens to an innocuous variant, in case <limits.h> declares utimens.
|    For example, HP-UX 11i <limits.h> declares gettimeofday.  */
| #define utimens innocuous_utimens
| 
| /* System header to define __stub macros and hopefully few prototypes,
|    which can conflict with char utimens (); below.  */
| 
| #include <limits.h>
| #undef utimens
| 
| /* Override any GCC internal prototype to avoid an error.
|    Use char because int might match the return type of a GCC
|    builtin and then its argument prototype would still apply.  */
| #ifdef __cplusplus
| extern "C"
| #endif
| char utimens ();
| /* The GNU C library defines this for functions which it implements
|     to always fail with ENOSYS.  Some functions are actually named
|     something starting with __ and the normal name is an alias.  */
| #if defined __stub_utimens || defined __stub___utimens
| choke me
| #endif
| 
| int
| main (void)
| {
| return utimens ();
|   ;
|   return 0;
| }
configure:17956: result: no
configure:17962: checking for utimensat
configure:17962: clang -o conftest -O3 -isystem /usr/local/include -isystem /usr/pkg/include  -DLD64_VERSION_NUM=609 -fblocks   -L/usr/local/lib -L/usr/pkg/lib conftest.c  >&5
configure:17962: $? = 0
configure:17962: result: yes
configure:17969: checking for bcopy
configure:17969: clang -o conftest -O3 -isystem /usr/local/include -isystem /usr/pkg/include  -DLD64_VERSION_NUM=609 -fblocks   -L/usr/local/lib -L/usr/pkg/lib conftest.c  >&5
configure:17969: $? = 0
configure:17969: result: yes
configure:17975: checking for bcmp
configure:17975: clang -o conftest -O3 -isystem /usr/local/include -isystem /usr/pkg/include  -DLD64_VERSION_NUM=609 -fblocks   -L/usr/local/lib -L/usr/pkg/lib conftest.c  >&5
conftest.c:45:6: warning: incompatible redeclaration of library function 'bcmp' [-Wincompatible-library-redeclaration]
char bcmp ();
     ^
conftest.c:45:6: note: 'bcmp' is a builtin with type 'int (const void *, const void *, unsigned long)'
1 warning generated.
configure:17975: $? = 0
configure:17975: result: yes
configure:17981: checking for bzero
configure:17981: clang -o conftest -O3 -isystem /usr/local/include -isystem /usr/pkg/include  -DLD64_VERSION_NUM=609 -fblocks   -L/usr/local/lib -L/usr/pkg/lib conftest.c  >&5
conftest.c:46:6: warning: incompatible redeclaration of library function 'bzero' [-Wincompatible-library-redeclaration]
char bzero ();
     ^
conftest.c:46:6: note: 'bzero' is a builtin with type 'void (void *, unsigned long)'
1 warning generated.
configure:17981: $? = 0
configure:17981: result: yes
configure:17987: checking for index
configure:17987: clang -o conftest -O3 -isystem /usr/local/include -isystem /usr/pkg/include  -DLD64_VERSION_NUM=609 -fblocks   -L/usr/local/lib -L/usr/pkg/lib conftest.c  >&5
conftest.c:47:6: warning: incompatible redeclaration of library function 'index' [-Wincompatible-library-redeclaration]
char index ();
     ^
conftest.c:47:6: note: 'index' is a builtin with type 'char *(const char *, int)'
1 warning generated.
configure:17987: $? = 0
configure:17987: result: yes
configure:17993: checking for rindex
configure:17993: clang -o conftest -O3 -isystem /usr/local/include -isystem /usr/pkg/include  -DLD64_VERSION_NUM=609 -fblocks   -L/usr/local/lib -L/usr/pkg/lib conftest.c  >&5
conftest.c:48:6: warning: incompatible redeclaration of library function 'rindex' [-Wincompatible-library-redeclaration]
char rindex ();
     ^
conftest.c:48:6: note: 'rindex' is a builtin with type 'char *(const char *, int)'
1 warning generated.
configure:17993: $? = 0
configure:17993: result: yes
configure:18002: checking for st_mtimespec.tv_nsec in struct stat
configure:18018: clang -c -O3 -isystem /usr/local/include -isystem /usr/pkg/include  -DLD64_VERSION_NUM=609 -fblocks  conftest.c >&5
conftest.c:39:8: error: no member named 'st_mtimespec' in 'struct stat'
    st.st_mtimespec.tv_nsec = 0;
    ~~ ^
1 error generated.
configure:18018: $? = 1
configure: failed program was:
| /* confdefs.h */
| #define PACKAGE_NAME "cctools"
| #define PACKAGE_TARNAME "cctools"
| #define PACKAGE_VERSION "973.0.1"
| #define PACKAGE_STRING "cctools 973.0.1"
| #define PACKAGE_BUGREPORT "t.poechtrager@gmail.com"
| #define PACKAGE_URL ""
| #define HAVE_STDIO_H 1
| #define HAVE_STDLIB_H 1
| #define HAVE_STRING_H 1
| #define HAVE_INTTYPES_H 1
| #define HAVE_STDINT_H 1
| #define HAVE_STRINGS_H 1
| #define HAVE_SYS_STAT_H 1
| #define HAVE_SYS_TYPES_H 1
| #define HAVE_UNISTD_H 1
| #define STDC_HEADERS 1
| #define HAVE_DLFCN_H 1
| #define LT_OBJDIR ".libs/"
| #define EMULATED_HOST_CPU_TYPE 16777223
| #define EMULATED_HOST_CPU_SUBTYPE 3
| #define __STDC_LIMIT_MACROS 1
| #define __STDC_CONSTANT_MACROS 1
| #define HAVE_EXECINFO_H 1
| #define HAVE_UUID_UUID_H 1
| #define HAVE_UTIMENSAT 1
| #define HAVE_BCOPY 1
| #define HAVE_BCMP 1
| #define HAVE_BZERO 1
| #define HAVE_INDEX 1
| #define HAVE_RINDEX 1
| /* end confdefs.h.  */
| #include <sys/stat.h>
| int
| main (void)
| {
| 
|     struct stat st;
|     st.st_mtimespec.tv_nsec = 0;
| 
|   ;
|   return 0;
| }
configure:18026: result: no
configure:18031: checking for st_mtim.tv_nsec in struct stat
configure:18047: clang -c -O3 -isystem /usr/local/include -isystem /usr/pkg/include  -DLD64_VERSION_NUM=609 -fblocks  conftest.c >&5
configure:18047: $? = 0
configure:18052: result: yes
configure:18062: checking for log2 in -lm
configure:18085: clang -o conftest -O3 -isystem /usr/local/include -isystem /usr/pkg/include  -DLD64_VERSION_NUM=609 -fblocks   -L/usr/local/lib -L/usr/pkg/lib conftest.c -lm   >&5
conftest.c:38:6: warning: incompatible redeclaration of library function 'log2' [-Wincompatible-library-redeclaration]
char log2 ();
     ^
conftest.c:38:6: note: 'log2' is a builtin with type 'double (double)'
1 warning generated.
configure:18085: $? = 0
configure:18095: result: yes
configure:18109: checking for bsd/stdlib.h
configure:18109: clang -c -O3 -isystem /usr/local/include -isystem /usr/pkg/include  -DLD64_VERSION_NUM=609 -fblocks  conftest.c >&5
conftest.c:62:10: fatal error: 'bsd/stdlib.h' file not found
#include <bsd/stdlib.h>
         ^~~~~~~~~~~~~~
1 error generated.
configure:18109: $? = 1
configure: failed program was:
| /* confdefs.h */
| #define PACKAGE_NAME "cctools"
| #define PACKAGE_TARNAME "cctools"
| #define PACKAGE_VERSION "973.0.1"
| #define PACKAGE_STRING "cctools 973.0.1"
| #define PACKAGE_BUGREPORT "t.poechtrager@gmail.com"
| #define PACKAGE_URL ""
| #define HAVE_STDIO_H 1
| #define HAVE_STDLIB_H 1
| #define HAVE_STRING_H 1
| #define HAVE_INTTYPES_H 1
| #define HAVE_STDINT_H 1
| #define HAVE_STRINGS_H 1
| #define HAVE_SYS_STAT_H 1
| #define HAVE_SYS_TYPES_H 1
| #define HAVE_UNISTD_H 1
| #define STDC_HEADERS 1
| #define HAVE_DLFCN_H 1
| #define LT_OBJDIR ".libs/"
| #define EMULATED_HOST_CPU_TYPE 16777223
| #define EMULATED_HOST_CPU_SUBTYPE 3
| #define __STDC_LIMIT_MACROS 1
| #define __STDC_CONSTANT_MACROS 1
| #define HAVE_EXECINFO_H 1
| #define HAVE_UUID_UUID_H 1
| #define HAVE_UTIMENSAT 1
| #define HAVE_BCOPY 1
| #define HAVE_BCMP 1
| #define HAVE_BZERO 1
| #define HAVE_INDEX 1
| #define HAVE_RINDEX 1
| #define HAVE_STAT_ST_MTIM 1
| /* end confdefs.h.  */
| #include <stddef.h>
| #ifdef HAVE_STDIO_H
| # include <stdio.h>
| #endif
| #ifdef HAVE_STDLIB_H
| # include <stdlib.h>
| #endif
| #ifdef HAVE_STRING_H
| # include <string.h>
| #endif
| #ifdef HAVE_INTTYPES_H
| # include <inttypes.h>
| #endif
| #ifdef HAVE_STDINT_H
| # include <stdint.h>
| #endif
| #ifdef HAVE_STRINGS_H
| # include <strings.h>
| #endif
| #ifdef HAVE_SYS_TYPES_H
| # include <sys/types.h>
| #endif
| #ifdef HAVE_SYS_STAT_H
| # include <sys/stat.h>
| #endif
| #ifdef HAVE_UNISTD_H
| # include <unistd.h>
| #endif
| #include <bsd/stdlib.h>
configure:18109: result: no
configure:18117: checking for reallocf in -lc
configure:18140: clang -o conftest -O3 -isystem /usr/local/include -isystem /usr/pkg/include  -DLD64_VERSION_NUM=609 -fblocks   -L/usr/local/lib -L/usr/pkg/lib conftest.c -lc   >&5
/usr/bin/ld: /tmp/conftest-198c72.o: in function `main':
conftest.c:(.text+0x4): undefined reference to `reallocf'
clang: error: linker command failed with exit code 1 (use -v to see invocation)
configure:18140: $? = 1
configure: failed program was:
| /* confdefs.h */
| #define PACKAGE_NAME "cctools"
| #define PACKAGE_TARNAME "cctools"
| #define PACKAGE_VERSION "973.0.1"
| #define PACKAGE_STRING "cctools 973.0.1"
| #define PACKAGE_BUGREPORT "t.poechtrager@gmail.com"
| #define PACKAGE_URL ""
| #define HAVE_STDIO_H 1
| #define HAVE_STDLIB_H 1
| #define HAVE_STRING_H 1
| #define HAVE_INTTYPES_H 1
| #define HAVE_STDINT_H 1
| #define HAVE_STRINGS_H 1
| #define HAVE_SYS_STAT_H 1
| #define HAVE_SYS_TYPES_H 1
| #define HAVE_UNISTD_H 1
| #define STDC_HEADERS 1
| #define HAVE_DLFCN_H 1
| #define LT_OBJDIR ".libs/"
| #define EMULATED_HOST_CPU_TYPE 16777223
| #define EMULATED_HOST_CPU_SUBTYPE 3
| #define __STDC_LIMIT_MACROS 1
| #define __STDC_CONSTANT_MACROS 1
| #define HAVE_EXECINFO_H 1
| #define HAVE_UUID_UUID_H 1
| #define HAVE_UTIMENSAT 1
| #define HAVE_BCOPY 1
| #define HAVE_BCMP 1
| #define HAVE_BZERO 1
| #define HAVE_INDEX 1
| #define HAVE_RINDEX 1
| #define HAVE_STAT_ST_MTIM 1
| /* end confdefs.h.  */
| 
| /* Override any GCC internal prototype to avoid an error.
|    Use char because int might match the return type of a GCC
|    builtin and then its argument prototype would still apply.  */
| char reallocf ();
| int
| main (void)
| {
| return reallocf ();
|   ;
|   return 0;
| }
configure:18150: result: no
configure:18161: checking for reallocf in -lbsd
configure:18184: clang -o conftest -O3 -isystem /usr/local/include -isystem /usr/pkg/include  -DLD64_VERSION_NUM=609 -fblocks   -L/usr/local/lib -L/usr/pkg/lib conftest.c -lbsd   >&5
/usr/bin/ld: cannot find -lbsd
clang: error: linker command failed with exit code 1 (use -v to see invocation)
configure:18184: $? = 1
configure: failed program was:
| /* confdefs.h */
| #define PACKAGE_NAME "cctools"
| #define PACKAGE_TARNAME "cctools"
| #define PACKAGE_VERSION "973.0.1"
| #define PACKAGE_STRING "cctools 973.0.1"
| #define PACKAGE_BUGREPORT "t.poechtrager@gmail.com"
| #define PACKAGE_URL ""
| #define HAVE_STDIO_H 1
| #define HAVE_STDLIB_H 1
| #define HAVE_STRING_H 1
| #define HAVE_INTTYPES_H 1
| #define HAVE_STDINT_H 1
| #define HAVE_STRINGS_H 1
| #define HAVE_SYS_STAT_H 1
| #define HAVE_SYS_TYPES_H 1
| #define HAVE_UNISTD_H 1
| #define STDC_HEADERS 1
| #define HAVE_DLFCN_H 1
| #define LT_OBJDIR ".libs/"
| #define EMULATED_HOST_CPU_TYPE 16777223
| #define EMULATED_HOST_CPU_SUBTYPE 3
| #define __STDC_LIMIT_MACROS 1
| #define __STDC_CONSTANT_MACROS 1
| #define HAVE_EXECINFO_H 1
| #define HAVE_UUID_UUID_H 1
| #define HAVE_UTIMENSAT 1
| #define HAVE_BCOPY 1
| #define HAVE_BCMP 1
| #define HAVE_BZERO 1
| #define HAVE_INDEX 1
| #define HAVE_RINDEX 1
| #define HAVE_STAT_ST_MTIM 1
| /* end confdefs.h.  */
| 
| /* Override any GCC internal prototype to avoid an error.
|    Use char because int might match the return type of a GCC
|    builtin and then its argument prototype would still apply.  */
| char reallocf ();
| int
| main (void)
| {
| return reallocf ();
|   ;
|   return 0;
| }
configure:18194: result: no
configure:18213: checking for clock_gettime
configure:18213: clang -o conftest -O3 -isystem /usr/local/include -isystem /usr/pkg/include  -DLD64_VERSION_NUM=609 -fblocks   -L/usr/local/lib -L/usr/pkg/lib conftest.c  >&5
configure:18213: $? = 0
configure:18213: result: yes
configure:18223: checking for write64
configure:18223: clang -o conftest -O3 -isystem /usr/local/include -isystem /usr/pkg/include  -DLD64_VERSION_NUM=609 -fblocks   -L/usr/local/lib -L/usr/pkg/lib conftest.c  >&5
/usr/bin/ld: /tmp/conftest-4a7fb9.o: in function `main':
conftest.c:(.text+0x4): undefined reference to `write64'
clang: error: linker command failed with exit code 1 (use -v to see invocation)
configure:18223: $? = 1
configure: failed program was:
| /* confdefs.h */
| #define PACKAGE_NAME "cctools"
| #define PACKAGE_TARNAME "cctools"
| #define PACKAGE_VERSION "973.0.1"
| #define PACKAGE_STRING "cctools 973.0.1"
| #define PACKAGE_BUGREPORT "t.poechtrager@gmail.com"
| #define PACKAGE_URL ""
| #define HAVE_STDIO_H 1
| #define HAVE_STDLIB_H 1
| #define HAVE_STRING_H 1
| #define HAVE_INTTYPES_H 1
| #define HAVE_STDINT_H 1
| #define HAVE_STRINGS_H 1
| #define HAVE_SYS_STAT_H 1
| #define HAVE_SYS_TYPES_H 1
| #define HAVE_UNISTD_H 1
| #define STDC_HEADERS 1
| #define HAVE_DLFCN_H 1
| #define LT_OBJDIR ".libs/"
| #define EMULATED_HOST_CPU_TYPE 16777223
| #define EMULATED_HOST_CPU_SUBTYPE 3
| #define __STDC_LIMIT_MACROS 1
| #define __STDC_CONSTANT_MACROS 1
| #define HAVE_EXECINFO_H 1
| #define HAVE_UUID_UUID_H 1
| #define HAVE_UTIMENSAT 1
| #define HAVE_BCOPY 1
| #define HAVE_BCMP 1
| #define HAVE_BZERO 1
| #define HAVE_INDEX 1
| #define HAVE_RINDEX 1
| #define HAVE_STAT_ST_MTIM 1
| #define HAVE_CLOCK_GETTIME 1
| /* end confdefs.h.  */
| /* Define write64 to an innocuous variant, in case <limits.h> declares write64.
|    For example, HP-UX 11i <limits.h> declares gettimeofday.  */
| #define write64 innocuous_write64
| 
| /* System header to define __stub macros and hopefully few prototypes,
|    which can conflict with char write64 (); below.  */
| 
| #include <limits.h>
| #undef write64
| 
| /* Override any GCC internal prototype to avoid an error.
|    Use char because int might match the return type of a GCC
|    builtin and then its argument prototype would still apply.  */
| #ifdef __cplusplus
| extern "C"
| #endif
| char write64 ();
| /* The GNU C library defines this for functions which it implements
|     to always fail with ENOSYS.  Some functions are actually named
|     something starting with __ and the normal name is an alias.  */
| #if defined __stub_write64 || defined __stub___write64
| choke me
| #endif
| 
| int
| main (void)
| {
| return write64 ();
|   ;
|   return 0;
| }
configure:18223: result: no
configure:18233: checking for __cxa_demangle in -lc++abi
configure:18256: clang -o conftest -O3 -isystem /usr/local/include -isystem /usr/pkg/include  -DLD64_VERSION_NUM=609 -fblocks   -L/usr/local/lib -L/usr/pkg/lib conftest.c -lc++abi   >&5
/usr/bin/ld: cannot find -lc++abi
clang: error: linker command failed with exit code 1 (use -v to see invocation)
configure:18256: $? = 1
configure: failed program was:
| /* confdefs.h */
| #define PACKAGE_NAME "cctools"
| #define PACKAGE_TARNAME "cctools"
| #define PACKAGE_VERSION "973.0.1"
| #define PACKAGE_STRING "cctools 973.0.1"
| #define PACKAGE_BUGREPORT "t.poechtrager@gmail.com"
| #define PACKAGE_URL ""
| #define HAVE_STDIO_H 1
| #define HAVE_STDLIB_H 1
| #define HAVE_STRING_H 1
| #define HAVE_INTTYPES_H 1
| #define HAVE_STDINT_H 1
| #define HAVE_STRINGS_H 1
| #define HAVE_SYS_STAT_H 1
| #define HAVE_SYS_TYPES_H 1
| #define HAVE_UNISTD_H 1
| #define STDC_HEADERS 1
| #define HAVE_DLFCN_H 1
| #define LT_OBJDIR ".libs/"
| #define EMULATED_HOST_CPU_TYPE 16777223
| #define EMULATED_HOST_CPU_SUBTYPE 3
| #define __STDC_LIMIT_MACROS 1
| #define __STDC_CONSTANT_MACROS 1
| #define HAVE_EXECINFO_H 1
| #define HAVE_UUID_UUID_H 1
| #define HAVE_UTIMENSAT 1
| #define HAVE_BCOPY 1
| #define HAVE_BCMP 1
| #define HAVE_BZERO 1
| #define HAVE_INDEX 1
| #define HAVE_RINDEX 1
| #define HAVE_STAT_ST_MTIM 1
| #define HAVE_CLOCK_GETTIME 1
| /* end confdefs.h.  */
| 
| /* Override any GCC internal prototype to avoid an error.
|    Use char because int might match the return type of a GCC
|    builtin and then its argument prototype would still apply.  */
| char __cxa_demangle ();
| int
| main (void)
| {
| return __cxa_demangle ();
|   ;
|   return 0;
| }
configure:18266: result: no
configure:18273: checking for __cxa_demangle in -lc++
configure:18296: clang -o conftest -O3 -isystem /usr/local/include -isystem /usr/pkg/include  -DLD64_VERSION_NUM=609 -fblocks   -L/usr/local/lib -L/usr/pkg/lib conftest.c -lc++   >&5
/usr/bin/ld: cannot find -lc++
clang: error: linker command failed with exit code 1 (use -v to see invocation)
configure:18296: $? = 1
configure: failed program was:
| /* confdefs.h */
| #define PACKAGE_NAME "cctools"
| #define PACKAGE_TARNAME "cctools"
| #define PACKAGE_VERSION "973.0.1"
| #define PACKAGE_STRING "cctools 973.0.1"
| #define PACKAGE_BUGREPORT "t.poechtrager@gmail.com"
| #define PACKAGE_URL ""
| #define HAVE_STDIO_H 1
| #define HAVE_STDLIB_H 1
| #define HAVE_STRING_H 1
| #define HAVE_INTTYPES_H 1
| #define HAVE_STDINT_H 1
| #define HAVE_STRINGS_H 1
| #define HAVE_SYS_STAT_H 1
| #define HAVE_SYS_TYPES_H 1
| #define HAVE_UNISTD_H 1
| #define STDC_HEADERS 1
| #define HAVE_DLFCN_H 1
| #define LT_OBJDIR ".libs/"
| #define EMULATED_HOST_CPU_TYPE 16777223
| #define EMULATED_HOST_CPU_SUBTYPE 3
| #define __STDC_LIMIT_MACROS 1
| #define __STDC_CONSTANT_MACROS 1
| #define HAVE_EXECINFO_H 1
| #define HAVE_UUID_UUID_H 1
| #define HAVE_UTIMENSAT 1
| #define HAVE_BCOPY 1
| #define HAVE_BCMP 1
| #define HAVE_BZERO 1
| #define HAVE_INDEX 1
| #define HAVE_RINDEX 1
| #define HAVE_STAT_ST_MTIM 1
| #define HAVE_CLOCK_GETTIME 1
| /* end confdefs.h.  */
| 
| /* Override any GCC internal prototype to avoid an error.
|    Use char because int might match the return type of a GCC
|    builtin and then its argument prototype would still apply.  */
| char __cxa_demangle ();
| int
| main (void)
| {
| return __cxa_demangle ();
|   ;
|   return 0;
| }
configure:18306: result: no
configure:18313: checking for __cxa_demangle in -lsupc++
configure:18336: clang -o conftest -O3 -isystem /usr/local/include -isystem /usr/pkg/include  -DLD64_VERSION_NUM=609 -fblocks   -L/usr/local/lib -L/usr/pkg/lib conftest.c -lsupc++   >&5
configure:18336: $? = 0
configure:18346: result: yes
configure:18409: checking for __gcc_personality_v0 in -lgcc
configure:18432: clang -o conftest -O3 -isystem /usr/local/include -isystem /usr/pkg/include  -DLD64_VERSION_NUM=609 -fblocks   -L/usr/local/lib -L/usr/pkg/lib conftest.c -lgcc   >&5
configure:18432: $? = 0
configure:18442: result: yes
configure:18458: checking whether clang supports -Wno-shift-negative-value
configure:18464: clang -c -O3 -isystem /usr/local/include -isystem /usr/pkg/include  -DLD64_VERSION_NUM=609 -fblocks -Werror -Wno-shift-negative-value  conftest.c >&5
configure:18464: $? = 0
configure:18467: result: yes
configure:18479: checking whether clang supports -Wno-misleading-indentation
configure:18485: clang -c -O3 -isystem /usr/local/include -isystem /usr/pkg/include  -DLD64_VERSION_NUM=609 -fblocks -Werror -Wno-misleading-indentation  conftest.c >&5
configure:18485: $? = 0
configure:18488: result: yes
configure:18500: checking whether clang supports -Wno-gnu-folding-constant
configure:18506: clang -c -O3 -isystem /usr/local/include -isystem /usr/pkg/include  -DLD64_VERSION_NUM=609 -fblocks -Werror -Wno-gnu-folding-constant  conftest.c >&5
configure:18506: $? = 0
configure:18509: result: yes
configure:18528: checking whether ld supports -rpath,<path>,--enable-new-dtags
configure:18534: clang -o conftest -O3 -isystem /usr/local/include -isystem /usr/pkg/include  -DLD64_VERSION_NUM=609 -fblocks   -L/usr/local/lib -L/usr/pkg/lib -Wl,-rpath,/usr/local/lib,--enable-new-dtags conftest.c  >&5
configure:18534: $? = 0
configure:18537: result: yes
configure:18590: checking for llvm-config
configure:18613: found /usr/bin/llvm-config
configure:18625: result: /usr/bin/llvm-config
configure:18646: checking for lto_get_version in -lLTO
configure:18669: clang -o conftest -O3 -isystem /usr/local/include -isystem /usr/pkg/include  -DLD64_VERSION_NUM=609 -fblocks   -L/usr/local/lib -L/usr/pkg/lib -L/usr/lib/llvm-11/lib conftest.c -lLTO   >&5
configure:18669: $? = 0
configure:18679: result: yes
configure:18733: checking for dispatch_once in -ldispatch
configure:18756: clang -o conftest -O3 -isystem /usr/local/include -isystem /usr/pkg/include  -DLD64_VERSION_NUM=609 -fblocks   -L/usr/local/lib -L/usr/pkg/lib -Wl,-rpath,/usr/lib/llvm-11/lib,--enable-new-dtags conftest.c -ldispatch   >&5
/usr/bin/ld: cannot find -ldispatch
clang: error: linker command failed with exit code 1 (use -v to see invocation)
configure:18756: $? = 1
configure: failed program was:
| /* confdefs.h */
| #define PACKAGE_NAME "cctools"
| #define PACKAGE_TARNAME "cctools"
| #define PACKAGE_VERSION "973.0.1"
| #define PACKAGE_STRING "cctools 973.0.1"
| #define PACKAGE_BUGREPORT "t.poechtrager@gmail.com"
| #define PACKAGE_URL ""
| #define HAVE_STDIO_H 1
| #define HAVE_STDLIB_H 1
| #define HAVE_STRING_H 1
| #define HAVE_INTTYPES_H 1
| #define HAVE_STDINT_H 1
| #define HAVE_STRINGS_H 1
| #define HAVE_SYS_STAT_H 1
| #define HAVE_SYS_TYPES_H 1
| #define HAVE_UNISTD_H 1
| #define STDC_HEADERS 1
| #define HAVE_DLFCN_H 1
| #define LT_OBJDIR ".libs/"
| #define EMULATED_HOST_CPU_TYPE 16777223
| #define EMULATED_HOST_CPU_SUBTYPE 3
| #define __STDC_LIMIT_MACROS 1
| #define __STDC_CONSTANT_MACROS 1
| #define HAVE_EXECINFO_H 1
| #define HAVE_UUID_UUID_H 1
| #define HAVE_UTIMENSAT 1
| #define HAVE_BCOPY 1
| #define HAVE_BCMP 1
| #define HAVE_BZERO 1
| #define HAVE_INDEX 1
| #define HAVE_RINDEX 1
| #define HAVE_STAT_ST_MTIM 1
| #define HAVE_CLOCK_GETTIME 1
| /* end confdefs.h.  */
| 
| /* Override any GCC internal prototype to avoid an error.
|    Use char because int might match the return type of a GCC
|    builtin and then its argument prototype would still apply.  */
| char dispatch_once ();
| int
| main (void)
| {
| return dispatch_once ();
|   ;
|   return 0;
| }
configure:18766: result: no
configure:18783: checking for dispatch_sync in -lc
configure:18806: clang -o conftest -O3 -isystem /usr/local/include -isystem /usr/pkg/include  -DLD64_VERSION_NUM=609 -fblocks   -L/usr/local/lib -L/usr/pkg/lib -Wl,-rpath,/usr/lib/llvm-11/lib,--enable-new-dtags conftest.c -lc   >&5
/usr/bin/ld: /tmp/conftest-2dce25.o: in function `main':
conftest.c:(.text+0x4): undefined reference to `dispatch_sync'
clang: error: linker command failed with exit code 1 (use -v to see invocation)
configure:18806: $? = 1
configure: failed program was:
| /* confdefs.h */
| #define PACKAGE_NAME "cctools"
| #define PACKAGE_TARNAME "cctools"
| #define PACKAGE_VERSION "973.0.1"
| #define PACKAGE_STRING "cctools 973.0.1"
| #define PACKAGE_BUGREPORT "t.poechtrager@gmail.com"
| #define PACKAGE_URL ""
| #define HAVE_STDIO_H 1
| #define HAVE_STDLIB_H 1
| #define HAVE_STRING_H 1
| #define HAVE_INTTYPES_H 1
| #define HAVE_STDINT_H 1
| #define HAVE_STRINGS_H 1
| #define HAVE_SYS_STAT_H 1
| #define HAVE_SYS_TYPES_H 1
| #define HAVE_UNISTD_H 1
| #define STDC_HEADERS 1
| #define HAVE_DLFCN_H 1
| #define LT_OBJDIR ".libs/"
| #define EMULATED_HOST_CPU_TYPE 16777223
| #define EMULATED_HOST_CPU_SUBTYPE 3
| #define __STDC_LIMIT_MACROS 1
| #define __STDC_CONSTANT_MACROS 1
| #define HAVE_EXECINFO_H 1
| #define HAVE_UUID_UUID_H 1
| #define HAVE_UTIMENSAT 1
| #define HAVE_BCOPY 1
| #define HAVE_BCMP 1
| #define HAVE_BZERO 1
| #define HAVE_INDEX 1
| #define HAVE_RINDEX 1
| #define HAVE_STAT_ST_MTIM 1
| #define HAVE_CLOCK_GETTIME 1
| /* end confdefs.h.  */
| 
| /* Override any GCC internal prototype to avoid an error.
|    Use char because int might match the return type of a GCC
|    builtin and then its argument prototype would still apply.  */
| char dispatch_sync ();
| int
| main (void)
| {
| return dispatch_sync ();
|   ;
|   return 0;
| }
configure:18816: result: no
configure:18841: checking for fts_open in -lfts
configure:18864: clang -o conftest -O3 -isystem /usr/local/include -isystem /usr/pkg/include  -DLD64_VERSION_NUM=609 -fblocks   -L/usr/local/lib -L/usr/pkg/lib -Wl,-rpath,/usr/lib/llvm-11/lib,--enable-new-dtags conftest.c -lfts   >&5
/usr/bin/ld: cannot find -lfts
clang: error: linker command failed with exit code 1 (use -v to see invocation)
configure:18864: $? = 1
configure: failed program was:
| /* confdefs.h */
| #define PACKAGE_NAME "cctools"
| #define PACKAGE_TARNAME "cctools"
| #define PACKAGE_VERSION "973.0.1"
| #define PACKAGE_STRING "cctools 973.0.1"
| #define PACKAGE_BUGREPORT "t.poechtrager@gmail.com"
| #define PACKAGE_URL ""
| #define HAVE_STDIO_H 1
| #define HAVE_STDLIB_H 1
| #define HAVE_STRING_H 1
| #define HAVE_INTTYPES_H 1
| #define HAVE_STDINT_H 1
| #define HAVE_STRINGS_H 1
| #define HAVE_SYS_STAT_H 1
| #define HAVE_SYS_TYPES_H 1
| #define HAVE_UNISTD_H 1
| #define STDC_HEADERS 1
| #define HAVE_DLFCN_H 1
| #define LT_OBJDIR ".libs/"
| #define EMULATED_HOST_CPU_TYPE 16777223
| #define EMULATED_HOST_CPU_SUBTYPE 3
| #define __STDC_LIMIT_MACROS 1
| #define __STDC_CONSTANT_MACROS 1
| #define HAVE_EXECINFO_H 1
| #define HAVE_UUID_UUID_H 1
| #define HAVE_UTIMENSAT 1
| #define HAVE_BCOPY 1
| #define HAVE_BCMP 1
| #define HAVE_BZERO 1
| #define HAVE_INDEX 1
| #define HAVE_RINDEX 1
| #define HAVE_STAT_ST_MTIM 1
| #define HAVE_CLOCK_GETTIME 1
| /* end confdefs.h.  */
| 
| /* Override any GCC internal prototype to avoid an error.
|    Use char because int might match the return type of a GCC
|    builtin and then its argument prototype would still apply.  */
| char fts_open ();
| int
| main (void)
| {
| return fts_open ();
|   ;
|   return 0;
| }
configure:18874: result: no
configure:18940: checking for xar_prop_create in -lxar
configure:18963: clang -o conftest -O3 -isystem /usr/local/include -isystem /usr/pkg/include  -DLD64_VERSION_NUM=609 -fblocks   -L/usr/local/lib -L/usr/pkg/lib -Wl,-rpath,/usr/lib/llvm-11/lib,--enable-new-dtags conftest.c -lxar   >&5
/usr/bin/ld: cannot find -lxar
clang: error: linker command failed with exit code 1 (use -v to see invocation)
configure:18963: $? = 1
configure: failed program was:
| /* confdefs.h */
| #define PACKAGE_NAME "cctools"
| #define PACKAGE_TARNAME "cctools"
| #define PACKAGE_VERSION "973.0.1"
| #define PACKAGE_STRING "cctools 973.0.1"
| #define PACKAGE_BUGREPORT "t.poechtrager@gmail.com"
| #define PACKAGE_URL ""
| #define HAVE_STDIO_H 1
| #define HAVE_STDLIB_H 1
| #define HAVE_STRING_H 1
| #define HAVE_INTTYPES_H 1
| #define HAVE_STDINT_H 1
| #define HAVE_STRINGS_H 1
| #define HAVE_SYS_STAT_H 1
| #define HAVE_SYS_TYPES_H 1
| #define HAVE_UNISTD_H 1
| #define STDC_HEADERS 1
| #define HAVE_DLFCN_H 1
| #define LT_OBJDIR ".libs/"
| #define EMULATED_HOST_CPU_TYPE 16777223
| #define EMULATED_HOST_CPU_SUBTYPE 3
| #define __STDC_LIMIT_MACROS 1
| #define __STDC_CONSTANT_MACROS 1
| #define HAVE_EXECINFO_H 1
| #define HAVE_UUID_UUID_H 1
| #define HAVE_UTIMENSAT 1
| #define HAVE_BCOPY 1
| #define HAVE_BCMP 1
| #define HAVE_BZERO 1
| #define HAVE_INDEX 1
| #define HAVE_RINDEX 1
| #define HAVE_STAT_ST_MTIM 1
| #define HAVE_CLOCK_GETTIME 1
| /* end confdefs.h.  */
| 
| /* Override any GCC internal prototype to avoid an error.
|    Use char because int might match the return type of a GCC
|    builtin and then its argument prototype would still apply.  */
| char xar_prop_create ();
| int
| main (void)
| {
| return xar_prop_create ();
|   ;
|   return 0;
| }
configure:18973: result: no
configure:19038: checking tapi/tapi.h and libtapi support
configure:19063: clang++ -o conftest -O3 -std=c++1z -isystem /usr/local/include -isystem /usr/pkg/include  -DLD64_VERSION_NUM=609 -fblocks  -isystem /root/tmp/include  -isystem /root/tmp/include  -L/usr/local/lib -L/usr/pkg/lib -Wl,-rpath,/usr/lib/llvm-11/lib,--enable-new-dtags -L/root/tmp/lib -Wl,-rpath,/root/tmp/lib,--enable-new-dtags -Wl,-rpath,/root/tmp/lib64,--enable-new-dtags -Wl,-rpath,/root/tmp/lib32,--enable-new-dtags conftest.cpp  -ltapi >&5
configure:19063: $? = 0
configure:19080: result: yes
configure:19118: checking whether byte ordering is bigendian
configure:19134: clang -c -O3 -isystem /usr/local/include -isystem /usr/pkg/include  -DLD64_VERSION_NUM=609 -fblocks  -isystem /root/tmp/include conftest.c >&5
conftest.c:36:9: error: unknown type name 'not'
               not a universal capable compiler
               ^
conftest.c:36:14: error: expected ';' after top level declarator
               not a universal capable compiler
                    ^
                    ;
2 errors generated.
configure:19134: $? = 1
configure: failed program was:
| /* confdefs.h */
| #define PACKAGE_NAME "cctools"
| #define PACKAGE_TARNAME "cctools"
| #define PACKAGE_VERSION "973.0.1"
| #define PACKAGE_STRING "cctools 973.0.1"
| #define PACKAGE_BUGREPORT "t.poechtrager@gmail.com"
| #define PACKAGE_URL ""
| #define HAVE_STDIO_H 1
| #define HAVE_STDLIB_H 1
| #define HAVE_STRING_H 1
| #define HAVE_INTTYPES_H 1
| #define HAVE_STDINT_H 1
| #define HAVE_STRINGS_H 1
| #define HAVE_SYS_STAT_H 1
| #define HAVE_SYS_TYPES_H 1
| #define HAVE_UNISTD_H 1
| #define STDC_HEADERS 1
| #define HAVE_DLFCN_H 1
| #define LT_OBJDIR ".libs/"
| #define EMULATED_HOST_CPU_TYPE 16777223
| #define EMULATED_HOST_CPU_SUBTYPE 3
| #define __STDC_LIMIT_MACROS 1
| #define __STDC_CONSTANT_MACROS 1
| #define HAVE_EXECINFO_H 1
| #define HAVE_UUID_UUID_H 1
| #define HAVE_UTIMENSAT 1
| #define HAVE_BCOPY 1
| #define HAVE_BCMP 1
| #define HAVE_BZERO 1
| #define HAVE_INDEX 1
| #define HAVE_RINDEX 1
| #define HAVE_STAT_ST_MTIM 1
| #define HAVE_CLOCK_GETTIME 1
| /* end confdefs.h.  */
| #ifndef __APPLE_CC__
| 	       not a universal capable compiler
| 	     #endif
| 	     typedef int dummy;
| 
configure:19180: clang -c -O3 -isystem /usr/local/include -isystem /usr/pkg/include  -DLD64_VERSION_NUM=609 -fblocks  -isystem /root/tmp/include conftest.c >&5
configure:19180: $? = 0
configure:19199: clang -c -O3 -isystem /usr/local/include -isystem /usr/pkg/include  -DLD64_VERSION_NUM=609 -fblocks  -isystem /root/tmp/include conftest.c >&5
conftest.c:42:4: error: use of undeclared identifier 'not'
                 not big endian
                 ^
1 error generated.
configure:19199: $? = 1
configure: failed program was:
| /* confdefs.h */
| #define PACKAGE_NAME "cctools"
| #define PACKAGE_TARNAME "cctools"
| #define PACKAGE_VERSION "973.0.1"
| #define PACKAGE_STRING "cctools 973.0.1"
| #define PACKAGE_BUGREPORT "t.poechtrager@gmail.com"
| #define PACKAGE_URL ""
| #define HAVE_STDIO_H 1
| #define HAVE_STDLIB_H 1
| #define HAVE_STRING_H 1
| #define HAVE_INTTYPES_H 1
| #define HAVE_STDINT_H 1
| #define HAVE_STRINGS_H 1
| #define HAVE_SYS_STAT_H 1
| #define HAVE_SYS_TYPES_H 1
| #define HAVE_UNISTD_H 1
| #define STDC_HEADERS 1
| #define HAVE_DLFCN_H 1
| #define LT_OBJDIR ".libs/"
| #define EMULATED_HOST_CPU_TYPE 16777223
| #define EMULATED_HOST_CPU_SUBTYPE 3
| #define __STDC_LIMIT_MACROS 1
| #define __STDC_CONSTANT_MACROS 1
| #define HAVE_EXECINFO_H 1
| #define HAVE_UUID_UUID_H 1
| #define HAVE_UTIMENSAT 1
| #define HAVE_BCOPY 1
| #define HAVE_BCMP 1
| #define HAVE_BZERO 1
| #define HAVE_INDEX 1
| #define HAVE_RINDEX 1
| #define HAVE_STAT_ST_MTIM 1
| #define HAVE_CLOCK_GETTIME 1
| /* end confdefs.h.  */
| #include <sys/types.h>
| 		#include <sys/param.h>
| 
| int
| main (void)
| {
| #if BYTE_ORDER != BIG_ENDIAN
| 		 not big endian
| 		#endif
| 
|   ;
|   return 0;
| }
configure:19333: result: no
configure:19544: checking that generated files are newer than configure
configure:19550: result: done
configure:19570: creating ./config.status

## ---------------------- ##
## Running config.status. ##
## ---------------------- ##

This file was extended by cctools config.status 973.0.1, which was
generated by GNU Autoconf 2.71.  Invocation command line was

  CONFIG_FILES    = 
  CONFIG_HEADERS  = 
  CONFIG_LINKS    = 
  CONFIG_COMMANDS = 
  $ ./config.status 

on cs-302575335568-default

config.status:1114: creating Makefile
config.status:1114: creating libstuff/Makefile
config.status:1114: creating libmacho/Makefile
config.status:1114: creating ar/Makefile
config.status:1114: creating as/Makefile
config.status:1114: creating as/arm/Makefile
config.status:1114: creating as/i386/Makefile
config.status:1114: creating as/x86_64/Makefile
config.status:1114: creating as/ppc/Makefile
config.status:1114: creating as/ppc64/Makefile
config.status:1114: creating man/Makefile
config.status:1114: creating misc/Makefile
config.status:1114: creating otool/Makefile
config.status:1114: creating efitools/Makefile
config.status:1114: creating libobjc2/Makefile
config.status:1114: creating ld64/Makefile
config.status:1114: creating ld64/doc/man/Makefile
config.status:1114: creating ld64/src/Makefile
config.status:1114: creating ld64/src/3rd/Makefile
config.status:1114: creating ld64/src/3rd/BlocksRuntime/Makefile
config.status:1114: creating ld64/src/ld/Makefile
config.status:1114: creating ld64/src/ld/parsers/Makefile
config.status:1114: creating ld64/src/ld/passes/Makefile
config.status:1114: creating ld64/src/other/Makefile
config.status:1286: executing libtool commands

## ---------------- ##
## Cache variables. ##
## ---------------- ##

ac_cv_build=x86_64-pc-linux-gnu
ac_cv_c_bigendian=no
ac_cv_c_compiler_gnu=yes
ac_cv_cxx_compiler_gnu=yes
ac_cv_env_CCASFLAGS_set=
ac_cv_env_CCASFLAGS_value=
ac_cv_env_CCAS_set=
ac_cv_env_CCAS_value=
ac_cv_env_CCC_set=
ac_cv_env_CCC_value=
ac_cv_env_CC_set=
ac_cv_env_CC_value=
ac_cv_env_CFLAGS_set=
ac_cv_env_CFLAGS_value=
ac_cv_env_CPPFLAGS_set=
ac_cv_env_CPPFLAGS_value=
ac_cv_env_CXXCPP_set=
ac_cv_env_CXXCPP_value=
ac_cv_env_CXXFLAGS_set=
ac_cv_env_CXXFLAGS_value=
ac_cv_env_CXX_set=
ac_cv_env_CXX_value=
ac_cv_env_LDFLAGS_set=
ac_cv_env_LDFLAGS_value=
ac_cv_env_LIBS_set=
ac_cv_env_LIBS_value=
ac_cv_env_LT_SYS_LIBRARY_PATH_set=
ac_cv_env_LT_SYS_LIBRARY_PATH_value=
ac_cv_env_OBJCFLAGS_set=
ac_cv_env_OBJCFLAGS_value=
ac_cv_env_OBJC_set=
ac_cv_env_OBJC_value=
ac_cv_env_build_alias_set=
ac_cv_env_build_alias_value=
ac_cv_env_host_alias_set=
ac_cv_env_host_alias_value=
ac_cv_env_target_alias_set=
ac_cv_env_target_alias_value=
ac_cv_func_bcmp=yes
ac_cv_func_bcopy=yes
ac_cv_func_bzero=yes
ac_cv_func_clock_gettime=yes
ac_cv_func_index=yes
ac_cv_func_rindex=yes
ac_cv_func_strmode=no
ac_cv_func_utimens=no
ac_cv_func_utimensat=yes
ac_cv_func_write64=no
ac_cv_header_bsd_stdlib_h=no
ac_cv_header_dlfcn_h=yes
ac_cv_header_execinfo_h=yes
ac_cv_header_inttypes_h=yes
ac_cv_header_stdint_h=yes
ac_cv_header_stdio_h=yes
ac_cv_header_stdlib_h=yes
ac_cv_header_string_h=yes
ac_cv_header_strings_h=yes
ac_cv_header_sys_stat_h=yes
ac_cv_header_sys_types_h=yes
ac_cv_header_unistd_h=yes
ac_cv_header_uuid_uuid_h=yes
ac_cv_host=x86_64-pc-linux-gnu
ac_cv_lib_LTO_lto_get_version=yes
ac_cv_lib_bsd_reallocf=no
ac_cv_lib_c_dispatch_sync=no
ac_cv_lib_c_reallocf=no
ac_cv_lib_cpp___cxa_demangle=no
ac_cv_lib_cppabi___cxa_demangle=no
ac_cv_lib_dispatch_dispatch_once=no
ac_cv_lib_dl_dlopen=yes
ac_cv_lib_execinfo_backtrace=no
ac_cv_lib_fts_fts_open=no
ac_cv_lib_gcc___gcc_personality_v0=yes
ac_cv_lib_m_log2=yes
ac_cv_lib_pthread_pthread_create=yes
ac_cv_lib_supcpp___cxa_demangle=yes
ac_cv_lib_uuid_uuid_generate_random=yes
ac_cv_lib_xar_xar_prop_create=no
ac_cv_objc_compiler_gnu=yes
ac_cv_objext=o
ac_cv_path_EGREP='/usr/bin/grep -E'
ac_cv_path_FGREP='/usr/bin/grep -F'
ac_cv_path_GREP=/usr/bin/grep
ac_cv_path_LLVM_CONFIG=/usr/bin/llvm-config
ac_cv_path_SED=/usr/bin/sed
ac_cv_path_install='/usr/bin/install -c'
ac_cv_path_lt_DD=/usr/bin/dd
ac_cv_path_mkdir=/usr/bin/mkdir
ac_cv_prog_AWK=mawk
ac_cv_prog_CXXCPP='clang++ -E'
ac_cv_prog_ac_ct_AR=ar
ac_cv_prog_ac_ct_CC=clang
ac_cv_prog_ac_ct_HOST_AR=ar
ac_cv_prog_ac_ct_HOST_RANLIB=ranlib
ac_cv_prog_ac_ct_MANIFEST_TOOL=mt
ac_cv_prog_ac_ct_OBJDUMP=objdump
ac_cv_prog_ac_ct_RANLIB=ranlib
ac_cv_prog_ac_ct_STRIP=strip
ac_cv_prog_cc_c11=
ac_cv_prog_cc_g=yes
ac_cv_prog_cc_stdc=
ac_cv_prog_cxx_11=no
ac_cv_prog_cxx_cxx11=
ac_cv_prog_cxx_g=yes
ac_cv_prog_cxx_stdcxx=
ac_cv_prog_make_make_set=yes
ac_cv_prog_objc_g=yes
ac_cv_target=x86_64-pc-linux-gnu
am_cv_make_support_nested_variables=yes
am_cv_prog_cc_c_o=yes
am_cv_prog_tar_ustar=gnutar
cctools_cv_tapi_support=yes
lt_cv_ar_at_file=@
lt_cv_archive_cmds_need_lc=no
lt_cv_deplibs_check_method=pass_all
lt_cv_file_magic_cmd='$MAGIC_CMD'
lt_cv_file_magic_test_file=
lt_cv_ld_reload_flag=-r
lt_cv_nm_interface='BSD nm'
lt_cv_objdir=.libs
lt_cv_path_LD=/usr/bin/ld
lt_cv_path_LDCXX='/usr/bin/ld -m elf_x86_64'
lt_cv_path_NM='/usr/bin/nm -B'
lt_cv_path_mainfest_tool=no
lt_cv_prog_compiler_c_o=yes
lt_cv_prog_compiler_c_o_CXX=yes
lt_cv_prog_compiler_pic='-fPIC -DPIC'
lt_cv_prog_compiler_pic_CXX='-fPIC -DPIC'
lt_cv_prog_compiler_pic_works=yes
lt_cv_prog_compiler_pic_works_CXX=yes
lt_cv_prog_compiler_rtti_exceptions=yes
lt_cv_prog_compiler_static_works=yes
lt_cv_prog_compiler_static_works_CXX=yes
lt_cv_prog_gnu_ld=yes
lt_cv_prog_gnu_ldcxx=yes
lt_cv_sharedlib_from_linklib_cmd='printf %s\n'
lt_cv_shlibpath_overrides_runpath=yes
lt_cv_sys_global_symbol_pipe='sed -n -e '\''s/^.*[	 ]\([ABCDGIRSTW][ABCDGIRSTW]*\)[	 ][	 ]*\([_A-Za-z][_A-Za-z0-9]*\)$/\1 \2 \2/p'\'' | sed '\''/ __gnu_lto/d'\'''
lt_cv_sys_global_symbol_to_c_name_address='sed -n -e '\''s/^: \(.*\) .*$/  {"\1", (void *) 0},/p'\'' -e '\''s/^[ABCDGIRSTW][ABCDGIRSTW]* .* \(.*\)$/  {"\1", (void *) \&\1},/p'\'''
lt_cv_sys_global_symbol_to_c_name_address_lib_prefix='sed -n -e '\''s/^: \(.*\) .*$/  {"\1", (void *) 0},/p'\'' -e '\''s/^[ABCDGIRSTW][ABCDGIRSTW]* .* \(lib.*\)$/  {"\1", (void *) \&\1},/p'\'' -e '\''s/^[ABCDGIRSTW][ABCDGIRSTW]* .* \(.*\)$/  {"lib\1", (void *) \&\1},/p'\'''
lt_cv_sys_global_symbol_to_cdecl='sed -n -e '\''s/^T .* \(.*\)$/extern int \1();/p'\'' -e '\''s/^[ABCDGIRSTW][ABCDGIRSTW]* .* \(.*\)$/extern char \1;/p'\'''
lt_cv_sys_global_symbol_to_import=
lt_cv_sys_max_cmd_len=1572864
lt_cv_to_host_file_cmd=func_convert_file_noop
lt_cv_to_tool_file_cmd=func_convert_file_noop
lt_cv_truncate_bin='/usr/bin/dd bs=4096 count=1'

## ----------------- ##
## Output variables. ##
## ----------------- ##

ACLOCAL='${SHELL} '\''/root/cctools-port/cctools/missing'\'' aclocal-1.16'
AMTAR='$${TAR-tar}'
AM_BACKSLASH='\'
AM_DEFAULT_V='$(AM_DEFAULT_VERBOSITY)'
AM_DEFAULT_VERBOSITY='1'
AM_V='$(V)'
AR='ar'
ASLIBEXECDIR='${libexecdir}/as'
AUTOCONF='${SHELL} '\''/root/cctools-port/cctools/missing'\'' autoconf'
AUTOHEADER='${SHELL} '\''/root/cctools-port/cctools/missing'\'' autoheader'
AUTOMAKE='${SHELL} '\''/root/cctools-port/cctools/missing'\'' automake-1.16'
AWK='mawk'
CC='clang'
CCAS='clang'
CCASFLAGS='-O3 -isystem /usr/local/include -isystem /usr/pkg/include  -DLD64_VERSION_NUM=609 -fblocks'
CFLAGS='-O3 -isystem /usr/local/include -isystem /usr/pkg/include  -DLD64_VERSION_NUM=609 -fblocks'
CPPFLAGS=' -isystem /root/tmp/include'
CXX='clang++'
CXXABI_LIB='-lsupc++'
CXXCPP='clang++ -E'
CXXFLAGS='-O3 -std=c++1z -isystem /usr/local/include -isystem /usr/pkg/include  -DLD64_VERSION_NUM=609 -fblocks  -isystem /root/tmp/include'
CYGPATH_W='echo'
DEFS='-DPACKAGE_NAME=\"cctools\" -DPACKAGE_TARNAME=\"cctools\" -DPACKAGE_VERSION=\"973.0.1\" -DPACKAGE_STRING=\"cctools\ 973.0.1\" -DPACKAGE_BUGREPORT=\"t.poechtrager@gmail.com\" -DPACKAGE_URL=\"\" -DHAVE_STDIO_H=1 -DHAVE_STDLIB_H=1 -DHAVE_STRING_H=1 -DHAVE_INTTYPES_H=1 -DHAVE_STDINT_H=1 -DHAVE_STRINGS_H=1 -DHAVE_SYS_STAT_H=1 -DHAVE_SYS_TYPES_H=1 -DHAVE_UNISTD_H=1 -DSTDC_HEADERS=1 -DHAVE_DLFCN_H=1 -DLT_OBJDIR=\".libs/\" -DEMULATED_HOST_CPU_TYPE=16777223 -DEMULATED_HOST_CPU_SUBTYPE=3 -D__STDC_LIMIT_MACROS=1 -D__STDC_CONSTANT_MACROS=1 -DHAVE_EXECINFO_H=1 -DHAVE_UUID_UUID_H=1 -DHAVE_UTIMENSAT=1 -DHAVE_BCOPY=1 -DHAVE_BCMP=1 -DHAVE_BZERO=1 -DHAVE_INDEX=1 -DHAVE_RINDEX=1 -DHAVE_STAT_ST_MTIM=1 -DHAVE_CLOCK_GETTIME=1'
DISPATCH_LIB=''
DLLTOOL='false'
DL_LIB='-ldl'
DSYMUTIL=''
DUMPBIN=''
ECHO_C=''
ECHO_N='-n'
ECHO_T=''
EGREP='/usr/bin/grep -E'
ENDIAN_FLAG='-D__LITTLE_ENDIAN__=1'
EXECINFO_LIB=''
EXEEXT=''
FGREP='/usr/bin/grep -F'
FTS_LIB=''
GCC_LIB='-lgcc'
GREP='/usr/bin/grep'
HOST_AR='ar'
HOST_RANLIB='ranlib'
INSTALL_DATA='${INSTALL} -m 644'
INSTALL_PROGRAM='${INSTALL}'
INSTALL_SCRIPT='${INSTALL}'
INSTALL_STRIP_PROGRAM='$(install_sh) -c -s'
ISDARWIN_FALSE=''
ISDARWIN_TRUE='#'
LD='/usr/bin/ld -m elf_x86_64'
LDFLAGS=' -L/usr/local/lib -L/usr/pkg/lib -Wl,-rpath,/usr/lib/llvm-11/lib,--enable-new-dtags -L/root/tmp/lib -Wl,-rpath,/root/tmp/lib,--enable-new-dtags -Wl,-rpath,/root/tmp/lib64,--enable-new-dtags -Wl,-rpath,/root/tmp/lib32,--enable-new-dtags'
LIBOBJS=''
LIBS=''
LIBTOOL='$(SHELL) $(top_builddir)/libtool'
LIPO=''
LLVM_CONFIG='/usr/bin/llvm-config'
LLVM_INCLUDE_DIR='/usr/lib/llvm-11/include'
LLVM_LIB_DIR='/usr/lib/llvm-11/lib'
LN_S='ln -s'
LTLIBOBJS=''
LTO_DEF='-DLTO_SUPPORT'
LTO_LIB='-L/usr/lib/llvm-11/lib -lLTO'
LTO_RPATH='-Wl,-rpath,/usr/lib/llvm-11/lib,--enable-new-dtags'
LT_SYS_LIBRARY_PATH=''
MAINT='#'
MAINTAINER_MODE_FALSE=''
MAINTAINER_MODE_TRUE='#'
MAKEINFO='${SHELL} '\''/root/cctools-port/cctools/missing'\'' makeinfo'
MANIFEST_TOOL=':'
MATH_LIB='-lm'
MKDIR_P='/usr/bin/mkdir -p'
NM='/usr/bin/nm -B'
NMEDIT=''
OBJC='clang'
OBJCFLAGS='-O3  -DLD64_VERSION_NUM=609 -fblocks'
OBJCWARNINGS='-Wall -Wno-objc-root-class -Wno-deprecated-objc-isa-usage'
OBJDUMP='objdump'
OBJEXT='o'
OTOOL64=''
OTOOL=''
PACKAGE='cctools'
PACKAGE_BUGREPORT='t.poechtrager@gmail.com'
PACKAGE_NAME='cctools'
PACKAGE_STRING='cctools 973.0.1'
PACKAGE_TARNAME='cctools'
PACKAGE_URL=''
PACKAGE_VERSION='973.0.1'
PATH_SEPARATOR=':'
PROGRAM_PREFIX=''
PTHREAD_FLAGS='-pthread'
RANLIB='ranlib'
REALLOCF_LIB=''
SED='/usr/bin/sed'
SET_MAKE=''
SHELL='/bin/sh'
STRIP='strip'
TAPI_DEF='-DTAPI_SUPPORT'
TAPI_LIB='-ltapi'
UUID_LIB='-luuid'
VERSION='973.0.1'
WARNINGS=' -Wall -Wno-long-long -Wno-import -Wno-format -Wno-deprecated -Wno-unused-variable -Wno-unused-private-field -Wno-unused-function -Wno-invalid-offsetof -Wno-int-conversion -Wno-char-subscripts -Wno-shift-negative-value -Wno-misleading-indentation -Wno-gnu-folding-constant'
XAR_LIB=''
ac_ct_AR='ar'
ac_ct_CC='clang'
ac_ct_CXX=''
ac_ct_DUMPBIN=''
ac_ct_OBJC=''
am__EXEEXT_FALSE=''
am__EXEEXT_TRUE='#'
am__isrc=''
am__leading_dot='.'
am__tar='tar --format=ustar -chf - "$$tardir"'
am__untar='tar -xf -'
bindir='${exec_prefix}/bin'
build='x86_64-pc-linux-gnu'
build_alias=''
build_cpu='x86_64'
build_os='linux-gnu'
build_vendor='pc'
datadir='${datarootdir}'
datarootdir='${prefix}/share'
docdir='${datarootdir}/doc/${PACKAGE_TARNAME}'
dvidir='${docdir}'
exec_prefix='${prefix}'
host='x86_64-pc-linux-gnu'
host_alias=''
host_cpu='x86_64'
host_os='linux-gnu'
host_vendor='pc'
htmldir='${docdir}'
includedir='${prefix}/include'
infodir='${datarootdir}/info'
install_sh='${SHELL} /root/cctools-port/cctools/install-sh'
libdir='${exec_prefix}/lib'
libexecdir='${exec_prefix}/libexec'
localedir='${datarootdir}/locale'
localstatedir='${prefix}/var'
mandir='${datarootdir}/man'
mkdir_p='$(MKDIR_P)'
oldincludedir='/usr/include'
pdfdir='${docdir}'
prefix='/usr/local'
program_transform_name='s,x,x,'
psdir='${docdir}'
runstatedir='${localstatedir}/run'
sbindir='${exec_prefix}/sbin'
sharedstatedir='${prefix}/com'
sysconfdir='${prefix}/etc'
target='x86_64-pc-linux-gnu'
target_alias=''
target_cpu='x86_64'
target_os='linux-gnu'
target_vendor='pc'

## ----------- ##
## confdefs.h. ##
## ----------- ##

/* confdefs.h */
#define PACKAGE_NAME "cctools"
#define PACKAGE_TARNAME "cctools"
#define PACKAGE_VERSION "973.0.1"
#define PACKAGE_STRING "cctools 973.0.1"
#define PACKAGE_BUGREPORT "t.poechtrager@gmail.com"
#define PACKAGE_URL ""
#define HAVE_STDIO_H 1
#define HAVE_STDLIB_H 1
#define HAVE_STRING_H 1
#define HAVE_INTTYPES_H 1
#define HAVE_STDINT_H 1
#define HAVE_STRINGS_H 1
#define HAVE_SYS_STAT_H 1
#define HAVE_SYS_TYPES_H 1
#define HAVE_UNISTD_H 1
#define STDC_HEADERS 1
#define HAVE_DLFCN_H 1
#define LT_OBJDIR ".libs/"
#define EMULATED_HOST_CPU_TYPE 16777223
#define EMULATED_HOST_CPU_SUBTYPE 3
#define __STDC_LIMIT_MACROS 1
#define __STDC_CONSTANT_MACROS 1
#define HAVE_EXECINFO_H 1
#define HAVE_UUID_UUID_H 1
#define HAVE_UTIMENSAT 1
#define HAVE_BCOPY 1
#define HAVE_BCMP 1
#define HAVE_BZERO 1
#define HAVE_INDEX 1
#define HAVE_RINDEX 1
#define HAVE_STAT_ST_MTIM 1
#define HAVE_CLOCK_GETTIME 1

configure: exit 0
